Analysis & Synthesis report for pong
Tue Apr 03 12:21:40 2012
Quartus II 32-bit Version 11.1 Build 173 11/01/2011 SJ Web Edition


---------------------
; Table of Contents ;
---------------------
  1. Legal Notice
  2. Analysis & Synthesis Summary
  3. Analysis & Synthesis Settings
  4. Parallel Compilation
  5. Analysis & Synthesis Source Files Read
  6. Analysis & Synthesis Resource Usage Summary
  7. Analysis & Synthesis Resource Utilization by Entity
  8. User-Specified and Inferred Latches
  9. Registers Removed During Synthesis
 10. General Register Statistics
 11. Inverted Register Statistics
 12. Multiplexer Restructuring Statistics (Restructuring Performed)
 13. Elapsed Time Per Partition
 14. Analysis & Synthesis Messages



----------------
; Legal Notice ;
----------------
Copyright (C) 1991-2011 Altera Corporation
Your use of Altera Corporation's design tools, logic functions 
and other software and tools, and its AMPP partner logic 
functions, and any output files from any of the foregoing 
(including device programming or simulation files), and any 
associated documentation or information are expressly subject 
to the terms and conditions of the Altera Program License 
Subscription Agreement, Altera MegaCore Function License 
Agreement, or other applicable license agreement, including, 
without limitation, that your use is for the sole purpose of 
programming logic devices manufactured by Altera and sold by 
Altera or its authorized distributors.  Please refer to the 
applicable agreement for further details.



+-------------------------------------------------------------------------------+
; Analysis & Synthesis Summary                                                  ;
+------------------------------------+------------------------------------------+
; Analysis & Synthesis Status        ; Successful - Tue Apr 03 12:21:40 2012    ;
; Quartus II 32-bit Version          ; 11.1 Build 173 11/01/2011 SJ Web Edition ;
; Revision Name                      ; pong                                     ;
; Top-level Entity Name              ; pong                                     ;
; Family                             ; Cyclone II                               ;
; Total logic elements               ; 1,377                                    ;
;     Total combinational functions  ; 1,377                                    ;
;     Dedicated logic registers      ; 106                                      ;
; Total registers                    ; 106                                      ;
; Total pins                         ; 58                                       ;
; Total virtual pins                 ; 0                                        ;
; Total memory bits                  ; 0                                        ;
; Embedded Multiplier 9-bit elements ; 0                                        ;
; Total PLLs                         ; 0                                        ;
+------------------------------------+------------------------------------------+


+----------------------------------------------------------------------------------------------------------------------+
; Analysis & Synthesis Settings                                                                                        ;
+----------------------------------------------------------------------------+--------------------+--------------------+
; Option                                                                     ; Setting            ; Default Value      ;
+----------------------------------------------------------------------------+--------------------+--------------------+
; Device                                                                     ; EP2C70F896C6       ;                    ;
; Top-level entity name                                                      ; pong               ; pong               ;
; Family name                                                                ; Cyclone II         ; Cyclone IV GX      ;
; Use smart compilation                                                      ; Off                ; Off                ;
; Enable parallel Assembler and TimeQuest Timing Analyzer during compilation ; On                 ; On                 ;
; Enable compact report table                                                ; Off                ; Off                ;
; Restructure Multiplexers                                                   ; Auto               ; Auto               ;
; Create Debugging Nodes for IP Cores                                        ; Off                ; Off                ;
; Preserve fewer node names                                                  ; On                 ; On                 ;
; Disable OpenCore Plus hardware evaluation                                  ; Off                ; Off                ;
; Verilog Version                                                            ; Verilog_2001       ; Verilog_2001       ;
; VHDL Version                                                               ; VHDL_1993          ; VHDL_1993          ;
; State Machine Processing                                                   ; Auto               ; Auto               ;
; Safe State Machine                                                         ; Off                ; Off                ;
; Extract Verilog State Machines                                             ; On                 ; On                 ;
; Extract VHDL State Machines                                                ; On                 ; On                 ;
; Ignore Verilog initial constructs                                          ; Off                ; Off                ;
; Iteration limit for constant Verilog loops                                 ; 5000               ; 5000               ;
; Iteration limit for non-constant Verilog loops                             ; 250                ; 250                ;
; Add Pass-Through Logic to Inferred RAMs                                    ; On                 ; On                 ;
; Infer RAMs from Raw Logic                                                  ; On                 ; On                 ;
; Parallel Synthesis                                                         ; On                 ; On                 ;
; DSP Block Balancing                                                        ; Auto               ; Auto               ;
; NOT Gate Push-Back                                                         ; On                 ; On                 ;
; Power-Up Don't Care                                                        ; On                 ; On                 ;
; Remove Redundant Logic Cells                                               ; Off                ; Off                ;
; Remove Duplicate Registers                                                 ; On                 ; On                 ;
; Ignore CARRY Buffers                                                       ; Off                ; Off                ;
; Ignore CASCADE Buffers                                                     ; Off                ; Off                ;
; Ignore GLOBAL Buffers                                                      ; Off                ; Off                ;
; Ignore ROW GLOBAL Buffers                                                  ; Off                ; Off                ;
; Ignore LCELL Buffers                                                       ; Off                ; Off                ;
; Ignore SOFT Buffers                                                        ; On                 ; On                 ;
; Limit AHDL Integers to 32 Bits                                             ; Off                ; Off                ;
; Optimization Technique                                                     ; Balanced           ; Balanced           ;
; Carry Chain Length                                                         ; 70                 ; 70                 ;
; Auto Carry Chains                                                          ; On                 ; On                 ;
; Auto Open-Drain Pins                                                       ; On                 ; On                 ;
; Perform WYSIWYG Primitive Resynthesis                                      ; Off                ; Off                ;
; Auto ROM Replacement                                                       ; On                 ; On                 ;
; Auto RAM Replacement                                                       ; On                 ; On                 ;
; Auto Shift Register Replacement                                            ; Auto               ; Auto               ;
; Allow Shift Register Merging across Hierarchies                            ; Auto               ; Auto               ;
; Auto Clock Enable Replacement                                              ; On                 ; On                 ;
; Strict RAM Replacement                                                     ; Off                ; Off                ;
; Allow Synchronous Control Signals                                          ; On                 ; On                 ;
; Force Use of Synchronous Clear Signals                                     ; Off                ; Off                ;
; Auto RAM to Logic Cell Conversion                                          ; Off                ; Off                ;
; Auto Resource Sharing                                                      ; Off                ; Off                ;
; Allow Any RAM Size For Recognition                                         ; Off                ; Off                ;
; Allow Any ROM Size For Recognition                                         ; Off                ; Off                ;
; Allow Any Shift Register Size For Recognition                              ; Off                ; Off                ;
; Use LogicLock Constraints during Resource Balancing                        ; On                 ; On                 ;
; Ignore translate_off and synthesis_off directives                          ; Off                ; Off                ;
; Timing-Driven Synthesis                                                    ; Off                ; Off                ;
; Report Parameter Settings                                                  ; On                 ; On                 ;
; Report Source Assignments                                                  ; On                 ; On                 ;
; Report Connectivity Checks                                                 ; On                 ; On                 ;
; Ignore Maximum Fan-Out Assignments                                         ; Off                ; Off                ;
; Synchronization Register Chain Length                                      ; 2                  ; 2                  ;
; PowerPlay Power Optimization                                               ; Normal compilation ; Normal compilation ;
; HDL message level                                                          ; Level2             ; Level2             ;
; Suppress Register Optimization Related Messages                            ; Off                ; Off                ;
; Number of Removed Registers Reported in Synthesis Report                   ; 5000               ; 5000               ;
; Number of Inverted Registers Reported in Synthesis Report                  ; 100                ; 100                ;
; Clock MUX Protection                                                       ; On                 ; On                 ;
; Auto Gated Clock Conversion                                                ; Off                ; Off                ;
; Block Design Naming                                                        ; Auto               ; Auto               ;
; SDC constraint protection                                                  ; Off                ; Off                ;
; Synthesis Effort                                                           ; Auto               ; Auto               ;
; Shift Register Replacement - Allow Asynchronous Clear Signal               ; On                 ; On                 ;
; Analysis & Synthesis Message Level                                         ; Medium             ; Medium             ;
; Disable Register Merging Across Hierarchies                                ; Auto               ; Auto               ;
; Resource Aware Inference For Block RAM                                     ; On                 ; On                 ;
; Synthesis Seed                                                             ; 1                  ; 1                  ;
+----------------------------------------------------------------------------+--------------------+--------------------+


Parallel compilation was disabled, but you have multiple processors available. Enable parallel compilation to reduce compilation time.
+-------------------------------------+
; Parallel Compilation                ;
+----------------------------+--------+
; Processors                 ; Number ;
+----------------------------+--------+
; Number detected on machine ; 2      ;
; Maximum allowed            ; 1      ;
+----------------------------+--------+


+---------------------------------------------------------------------------------------------------------------------------------+
; Analysis & Synthesis Source Files Read                                                                                          ;
+----------------------------------+-----------------+-----------------+----------------------------------------------------------+
; File Name with User-Entered Path ; Used in Netlist ; File Type       ; File Name with Absolute Path                             ;
+----------------------------------+-----------------+-----------------+----------------------------------------------------------+
; sync.vhd                         ; yes             ; User VHDL File  ; C:/Users/Familia/Documents/ali/ensc350/pong/sync.vhd     ;
; pong.vhd                         ; yes             ; User VHDL File  ; C:/Users/Familia/Documents/ali/ensc350/pong/pong.vhd     ;
; font_rom.vhd                     ; yes             ; User VHDL File  ; C:/Users/Familia/Documents/ali/ensc350/pong/font_rom.vhd ;
+----------------------------------+-----------------+-----------------+----------------------------------------------------------+


+------------------------------------------------------------------------------+
; Analysis & Synthesis Resource Usage Summary                                  ;
+---------------------------------------------+--------------------------------+
; Resource                                    ; Usage                          ;
+---------------------------------------------+--------------------------------+
; Estimated Total logic elements              ; 1,377                          ;
;                                             ;                                ;
; Total combinational functions               ; 1377                           ;
; Logic element usage by number of LUT inputs ;                                ;
;     -- 4 input functions                    ; 975                            ;
;     -- 3 input functions                    ; 221                            ;
;     -- <=2 input functions                  ; 181                            ;
;                                             ;                                ;
; Logic elements by mode                      ;                                ;
;     -- normal mode                          ; 1170                           ;
;     -- arithmetic mode                      ; 207                            ;
;                                             ;                                ;
; Total registers                             ; 106                            ;
;     -- Dedicated logic registers            ; 106                            ;
;     -- I/O registers                        ; 0                              ;
;                                             ;                                ;
; I/O pins                                    ; 58                             ;
; Maximum fan-out node                        ; font_rom:font_unit|addr_reg[5] ;
; Maximum fan-out                             ; 335                            ;
; Total fan-out                               ; 5254                           ;
; Average fan-out                             ; 3.41                           ;
+---------------------------------------------+--------------------------------+


+----------------------------------------------------------------------------------------------------------------------------------------------------------------------------------+
; Analysis & Synthesis Resource Utilization by Entity                                                                                                                              ;
+----------------------------+-------------------+--------------+-------------+--------------+---------+-----------+------+--------------+--------------------------+--------------+
; Compilation Hierarchy Node ; LC Combinationals ; LC Registers ; Memory Bits ; DSP Elements ; DSP 9x9 ; DSP 18x18 ; Pins ; Virtual Pins ; Full Hierarchy Name      ; Library Name ;
+----------------------------+-------------------+--------------+-------------+--------------+---------+-----------+------+--------------+--------------------------+--------------+
; |pong                      ; 1377 (1286)       ; 106 (40)     ; 0           ; 0            ; 0       ; 0         ; 58   ; 0            ; |pong                    ;              ;
;    |ball_clock:BCLOCK|     ; 31 (31)           ; 31 (31)      ; 0           ; 0            ; 0       ; 0         ; 0    ; 0            ; |pong|ball_clock:BCLOCK  ;              ;
;    |ball_clock:PCLOCK|     ; 9 (9)             ; 1 (1)        ; 0           ; 0            ; 0       ; 0         ; 0    ; 0            ; |pong|ball_clock:PCLOCK  ;              ;
;    |font_rom:font_unit|    ; 0 (0)             ; 11 (11)      ; 0           ; 0            ; 0       ; 0         ; 0    ; 0            ; |pong|font_rom:font_unit ;              ;
;    |vga_sync:VGA|          ; 51 (51)           ; 23 (23)      ; 0           ; 0            ; 0       ; 0         ; 0    ; 0            ; |pong|vga_sync:VGA       ;              ;
+----------------------------+-------------------+--------------+-------------+--------------+---------+-----------+------+--------------+--------------------------+--------------+
Note: For table entries with two numbers listed, the numbers in parentheses indicate the number of resources of the given type used by the specific entity alone. The numbers listed outside of parentheses indicate the total resources of the given type used by the specific entity and all of its sub-entities in the hierarchy.


+----------------------------------------------------------------------------------------------------+
; User-Specified and Inferred Latches                                                                ;
+-----------------------------------------------------+---------------------+------------------------+
; Latch Name                                          ; Latch Enable Signal ; Free of Timing Hazards ;
+-----------------------------------------------------+---------------------+------------------------+
; bit_addr[0]                                         ; score_on            ; yes                    ;
; bit_addr[1]                                         ; score_on            ; yes                    ;
; bit_addr[2]                                         ; score_on            ; yes                    ;
; char_addr[1]                                        ; score_on            ; yes                    ;
; char_addr[2]                                        ; score_on            ; yes                    ;
; char_addr[3]                                        ; score_on            ; yes                    ;
; char_addr[0]                                        ; score_on            ; yes                    ;
; row_addr[0]                                         ; score_on            ; yes                    ;
; char_addr[6]                                        ; score_on            ; yes                    ;
; char_addr[4]                                        ; score_on            ; yes                    ;
; row_addr[3]                                         ; score_on            ; yes                    ;
; row_addr[2]                                         ; score_on            ; yes                    ;
; row_addr[1]                                         ; score_on            ; yes                    ;
; char_addr[5]                                        ; score_on            ; yes                    ;
; Number of user-specified and inferred latches = 14  ;                     ;                        ;
+-----------------------------------------------------+---------------------+------------------------+
Note: All latches listed above may not be present at the end of synthesis due to various synthesis optimizations.


+--------------------------------------------------------------------------------+
; Registers Removed During Synthesis                                             ;
+----------------------------------------+---------------------------------------+
; Register name                          ; Reason for Removal                    ;
+----------------------------------------+---------------------------------------+
; ball_clock:PCLOCK|lim[0]               ; Merged with ball_clock:BCLOCK|lim[0]  ;
; ball_clock:PCLOCK|lim[1]               ; Merged with ball_clock:BCLOCK|lim[1]  ;
; ball_clock:PCLOCK|lim[2]               ; Merged with ball_clock:BCLOCK|lim[2]  ;
; ball_clock:PCLOCK|lim[3]               ; Merged with ball_clock:BCLOCK|lim[3]  ;
; ball_clock:PCLOCK|lim[4]               ; Merged with ball_clock:BCLOCK|lim[4]  ;
; ball_clock:PCLOCK|lim[5]               ; Merged with ball_clock:BCLOCK|lim[5]  ;
; ball_clock:PCLOCK|lim[6]               ; Merged with ball_clock:BCLOCK|lim[6]  ;
; ball_clock:PCLOCK|lim[7]               ; Merged with ball_clock:BCLOCK|lim[7]  ;
; ball_clock:PCLOCK|lim[8]               ; Merged with ball_clock:BCLOCK|lim[8]  ;
; ball_clock:PCLOCK|lim[9]               ; Merged with ball_clock:BCLOCK|lim[9]  ;
; ball_clock:PCLOCK|lim[10]              ; Merged with ball_clock:BCLOCK|lim[10] ;
; ball_clock:PCLOCK|lim[11]              ; Merged with ball_clock:BCLOCK|lim[11] ;
; ball_clock:PCLOCK|lim[12]              ; Merged with ball_clock:BCLOCK|lim[12] ;
; ball_clock:PCLOCK|lim[13]              ; Merged with ball_clock:BCLOCK|lim[13] ;
; ball_clock:PCLOCK|lim[14]              ; Merged with ball_clock:BCLOCK|lim[14] ;
; ball_clock:PCLOCK|lim[15]              ; Merged with ball_clock:BCLOCK|lim[15] ;
; ball_clock:PCLOCK|lim[16]              ; Merged with ball_clock:BCLOCK|lim[16] ;
; ball_clock:PCLOCK|lim[17]              ; Merged with ball_clock:BCLOCK|lim[17] ;
; ball_clock:PCLOCK|lim[18]              ; Merged with ball_clock:BCLOCK|lim[18] ;
; ball_clock:PCLOCK|lim[19]              ; Merged with ball_clock:BCLOCK|lim[19] ;
; ball_clock:PCLOCK|lim[20]              ; Merged with ball_clock:BCLOCK|lim[20] ;
; ball_clock:PCLOCK|lim[21]              ; Merged with ball_clock:BCLOCK|lim[21] ;
; ball_clock:PCLOCK|lim[22]              ; Merged with ball_clock:BCLOCK|lim[22] ;
; ball_clock:PCLOCK|lim[23]              ; Merged with ball_clock:BCLOCK|lim[23] ;
; ball_clock:PCLOCK|lim[24]              ; Merged with ball_clock:BCLOCK|lim[24] ;
; ball_clock:PCLOCK|lim[25]              ; Merged with ball_clock:BCLOCK|lim[25] ;
; ball_clock:PCLOCK|lim[26]              ; Merged with ball_clock:BCLOCK|lim[26] ;
; ball_clock:PCLOCK|lim[27]              ; Merged with ball_clock:BCLOCK|lim[27] ;
; ball_clock:PCLOCK|lim[28]              ; Merged with ball_clock:BCLOCK|lim[28] ;
; ball_clock:PCLOCK|lim[29]              ; Merged with ball_clock:BCLOCK|lim[29] ;
; Total Number of Removed Registers = 30 ;                                       ;
+----------------------------------------+---------------------------------------+


+------------------------------------------------------+
; General Register Statistics                          ;
+----------------------------------------------+-------+
; Statistic                                    ; Value ;
+----------------------------------------------+-------+
; Total registers                              ; 106   ;
; Number of registers using Synchronous Clear  ; 30    ;
; Number of registers using Synchronous Load   ; 0     ;
; Number of registers using Asynchronous Clear ; 22    ;
; Number of registers using Asynchronous Load  ; 0     ;
; Number of registers using Clock Enable       ; 60    ;
; Number of registers using Preset             ; 0     ;
+----------------------------------------------+-------+


+---------------------------------------------------+
; Inverted Register Statistics                      ;
+-----------------------------------------+---------+
; Inverted Register                       ; Fan out ;
+-----------------------------------------+---------+
; ball_x[9]                               ; 6       ;
; ball_x[7]                               ; 6       ;
; ball_y[7]                               ; 7       ;
; ball_y[6]                               ; 7       ;
; ball_y[5]                               ; 6       ;
; ball_y[4]                               ; 7       ;
; paddle_y[7]                             ; 7       ;
; paddle_y[6]                             ; 7       ;
; paddle_y[4]                             ; 7       ;
; paddle_y[2]                             ; 7       ;
; paddle_y[1]                             ; 10      ;
; paddle_y[0]                             ; 10      ;
; forward                                 ; 2       ;
; ball_clock:BCLOCK|clk                   ; 31      ;
; downward                                ; 2       ;
; ball_clock:PCLOCK|clk                   ; 11      ;
; Total number of inverted registers = 16 ;         ;
+-----------------------------------------+---------+


+-------------------------------------------------------------------------------------------------------------------------------------------------+
; Multiplexer Restructuring Statistics (Restructuring Performed)                                                                                  ;
+--------------------+-----------+---------------+----------------------+------------------------+-------------------+----------------------------+
; Multiplexer Inputs ; Bus Width ; Baseline Area ; Area if Restructured ; Saving if Restructured ; Registered        ; Example Multiplexer Output ;
+--------------------+-----------+---------------+----------------------+------------------------+-------------------+----------------------------+
; 4:1                ; 4 bits    ; 8 LEs         ; 4 LEs                ; 4 LEs                  ; |pong|paddle_y[8] ;                            ;
; 5:1                ; 8 bits    ; 24 LEs        ; 16 LEs               ; 8 LEs                  ; |pong|ball_x[0]   ;                            ;
; 6:1                ; 6 bits    ; 24 LEs        ; 6 LEs                ; 18 LEs                 ; |pong|ball_y[8]   ;                            ;
; 4:1                ; 6 bits    ; 12 LEs        ; 6 LEs                ; 6 LEs                  ; |pong|paddle_y[7] ;                            ;
; 5:1                ; 2 bits    ; 6 LEs         ; 4 LEs                ; 2 LEs                  ; |pong|ball_x[7]   ;                            ;
; 6:1                ; 4 bits    ; 16 LEs        ; 4 LEs                ; 12 LEs                 ; |pong|ball_y[4]   ;                            ;
; 3:1                ; 3 bits    ; 6 LEs         ; 6 LEs                ; 0 LEs                  ; |pong|oVGA_R      ;                            ;
; 3:1                ; 8 bits    ; 16 LEs        ; 16 LEs               ; 0 LEs                  ; |pong|oVGA_R      ;                            ;
; 32:1               ; 4 bits    ; 84 LEs        ; 64 LEs               ; 20 LEs                 ; |pong|Mux6        ;                            ;
+--------------------+-----------+---------------+----------------------+------------------------+-------------------+----------------------------+


+-------------------------------+
; Elapsed Time Per Partition    ;
+----------------+--------------+
; Partition Name ; Elapsed Time ;
+----------------+--------------+
; Top            ; 00:00:19     ;
+----------------+--------------+


+-------------------------------+
; Analysis & Synthesis Messages ;
+-------------------------------+
Info: *******************************************************************
Info: Running Quartus II 32-bit Analysis & Synthesis
    Info: Version 11.1 Build 173 11/01/2011 SJ Web Edition
    Info: Processing started: Tue Apr 03 12:21:22 2012
Info: Command: quartus_map --read_settings_files=on --write_settings_files=off pong -c pong
Warning (20028): Parallel compilation is not licensed and has been disabled
Info (12021): Found 2 design units, including 1 entities, in source file sync.vhd
    Info (12022): Found design unit 1: vga_sync-wvr
    Info (12023): Found entity 1: vga_sync
Info (12021): Found 6 design units, including 3 entities, in source file pong.vhd
    Info (12022): Found design unit 1: pong-wvr
    Info (12022): Found design unit 2: ball_clock-counter
    Info (12022): Found design unit 3: score_counter-wvr
    Info (12023): Found entity 1: pong
    Info (12023): Found entity 2: ball_clock
    Info (12023): Found entity 3: score_counter
Info (12021): Found 2 design units, including 1 entities, in source file font_rom.vhd
    Info (12022): Found design unit 1: font_rom-arch
    Info (12023): Found entity 1: font_rom
Info (12127): Elaborating entity "pong" for the top level hierarchy
Warning (10540): VHDL Signal Declaration warning at pong.vhd(56): used explicit default value for signal "paddle_x" because signal was never assigned a value
Warning (10541): VHDL Signal Declaration warning at pong.vhd(65): used implicit default value for signal "paddle_speed" because signal was never assigned a value or an explicit default value. Use of implicit default value may introduce unintended design optimizations.
Warning (10036): Verilog HDL or VHDL warning at pong.vhd(80): object "score_inc" assigned a value but never read
Warning (10492): VHDL Process Statement warning at pong.vhd(181): signal "pause_h" is read inside the Process Statement but isn't in the Process Statement's sensitivity list
Warning (10492): VHDL Process Statement warning at pong.vhd(201): signal "pause_h" is read inside the Process Statement but isn't in the Process Statement's sensitivity list
Warning (10492): VHDL Process Statement warning at pong.vhd(275): signal "heart_char_on" is read inside the Process Statement but isn't in the Process Statement's sensitivity list
Warning (10492): VHDL Process Statement warning at pong.vhd(283): signal "pause_h" is read inside the Process Statement but isn't in the Process Statement's sensitivity list
Warning (10492): VHDL Process Statement warning at pong.vhd(298): signal "bar_on" is read inside the Process Statement but isn't in the Process Statement's sensitivity list
Warning (10492): VHDL Process Statement warning at pong.vhd(306): signal "paddle_on" is read inside the Process Statement but isn't in the Process Statement's sensitivity list
Warning (10631): VHDL Process Statement warning at pong.vhd(267): inferring latch(es) for signal or variable "char_addr", which holds its previous value in one or more paths through the process
Warning (10631): VHDL Process Statement warning at pong.vhd(267): inferring latch(es) for signal or variable "row_addr", which holds its previous value in one or more paths through the process
Warning (10631): VHDL Process Statement warning at pong.vhd(267): inferring latch(es) for signal or variable "bit_addr", which holds its previous value in one or more paths through the process
Info (10041): Inferred latch for "bit_addr[0]" at pong.vhd(267)
Info (10041): Inferred latch for "bit_addr[1]" at pong.vhd(267)
Info (10041): Inferred latch for "bit_addr[2]" at pong.vhd(267)
Info (10041): Inferred latch for "row_addr[0]" at pong.vhd(267)
Info (10041): Inferred latch for "row_addr[1]" at pong.vhd(267)
Info (10041): Inferred latch for "row_addr[2]" at pong.vhd(267)
Info (10041): Inferred latch for "row_addr[3]" at pong.vhd(267)
Info (10041): Inferred latch for "char_addr[0]" at pong.vhd(267)
Info (10041): Inferred latch for "char_addr[1]" at pong.vhd(267)
Info (10041): Inferred latch for "char_addr[2]" at pong.vhd(267)
Info (10041): Inferred latch for "char_addr[3]" at pong.vhd(267)
Info (10041): Inferred latch for "char_addr[4]" at pong.vhd(267)
Info (10041): Inferred latch for "char_addr[5]" at pong.vhd(267)
Info (10041): Inferred latch for "char_addr[6]" at pong.vhd(267)
Info (12128): Elaborating entity "vga_sync" for hierarchy "vga_sync:VGA"
Info (12128): Elaborating entity "ball_clock" for hierarchy "ball_clock:BCLOCK"
Info (12128): Elaborating entity "font_rom" for hierarchy "font_rom:font_unit"
Info (13005): Duplicate registers merged to single register
Warning (13024): Output pins are stuck at VCC or GND
    Warning (13410): Pin "oVGA_SYNC_N" is stuck at GND
Info (16010): Generating hard_block partition "hard_block:auto_generated_inst"
Warning (21074): Design contains 15 input pin(s) that do not drive logic
    Warning (15610): No output dependent on input pin "iKEY[0]"
    Warning (15610): No output dependent on input pin "iKEY[2]"
    Warning (15610): No output dependent on input pin "iKEY[3]"
    Warning (15610): No output dependent on input pin "iSW[2]"
    Warning (15610): No output dependent on input pin "iSW[6]"
    Warning (15610): No output dependent on input pin "iSW[7]"
    Warning (15610): No output dependent on input pin "iSW[8]"
    Warning (15610): No output dependent on input pin "iSW[9]"
    Warning (15610): No output dependent on input pin "iSW[10]"
    Warning (15610): No output dependent on input pin "iSW[11]"
    Warning (15610): No output dependent on input pin "iSW[12]"
    Warning (15610): No output dependent on input pin "iSW[13]"
    Warning (15610): No output dependent on input pin "iSW[14]"
    Warning (15610): No output dependent on input pin "iSW[15]"
    Warning (15610): No output dependent on input pin "iSW[16]"
Info (21057): Implemented 1447 device resources after synthesis - the final resource count might be different
    Info (21058): Implemented 23 input pins
    Info (21059): Implemented 35 output pins
    Info (21061): Implemented 1389 logic cells
Info: Quartus II 32-bit Analysis & Synthesis was successful. 0 errors, 31 warnings
    Info: Peak virtual memory: 316 megabytes
    Info: Processing ended: Tue Apr 03 12:21:41 2012
    Info: Elapsed time: 00:00:19
    Info: Total CPU time (on all processors): 00:00:18


