Flow report for pong
Wed Apr 04 16:46:32 2012
Quartus II 32-bit Version 11.1 Build 259 01/25/2012 Service Pack 2 SJ Full Version


---------------------
; Table of Contents ;
---------------------
  1. Legal Notice
  2. Flow Summary
  3. Flow Settings
  4. Flow Non-Default Global Settings
  5. Flow Elapsed Time
  6. Flow OS Summary
  7. Flow Log



----------------
; Legal Notice ;
----------------
Copyright (C) 1991-2011 Altera Corporation
Your use of Altera Corporation's design tools, logic functions 
and other software and tools, and its AMPP partner logic 
functions, and any output files from any of the foregoing 
(including device programming or simulation files), and any 
associated documentation or information are expressly subject 
to the terms and conditions of the Altera Program License 
Subscription Agreement, Altera MegaCore Function License 
Agreement, or other applicable license agreement, including, 
without limitation, that your use is for the sole purpose of 
programming logic devices manufactured by Altera and sold by 
Altera or its authorized distributors.  Please refer to the 
applicable agreement for further details.



+-------------------------------------------------------------------------------------+
; Flow Summary                                                                        ;
+------------------------------------+------------------------------------------------+
; Flow Status                        ; Successful - Wed Apr 04 16:46:26 2012          ;
; Quartus II 32-bit Version          ; 11.1 Build 259 01/25/2012 SP 2 SJ Full Version ;
; Revision Name                      ; pong                                           ;
; Top-level Entity Name              ; pong                                           ;
; Family                             ; Cyclone II                                     ;
; Device                             ; EP2C70F896C6                                   ;
; Timing Models                      ; Final                                          ;
; Total logic elements               ; 1,674 / 68,416 ( 2 % )                         ;
;     Total combinational functions  ; 1,674 / 68,416 ( 2 % )                         ;
;     Dedicated logic registers      ; 142 / 68,416 ( < 1 % )                         ;
; Total registers                    ; 142                                            ;
; Total pins                         ; 62 / 622 ( 10 % )                              ;
; Total virtual pins                 ; 0                                              ;
; Total memory bits                  ; 0 / 1,152,000 ( 0 % )                          ;
; Embedded Multiplier 9-bit elements ; 8 / 300 ( 3 % )                                ;
; Total PLLs                         ; 0 / 4 ( 0 % )                                  ;
+------------------------------------+------------------------------------------------+


+-----------------------------------------+
; Flow Settings                           ;
+-------------------+---------------------+
; Option            ; Setting             ;
+-------------------+---------------------+
; Start date & time ; 04/04/2012 16:45:14 ;
; Main task         ; Compilation         ;
; Revision Name     ; pong                ;
+-------------------+---------------------+


+-----------------------------------------------------------------------------------------------------------------+
; Flow Non-Default Global Settings                                                                                ;
+-------------------------------------+--------------------------------+---------------+-------------+------------+
; Assignment Name                     ; Value                          ; Default Value ; Entity Name ; Section Id ;
+-------------------------------------+--------------------------------+---------------+-------------+------------+
; COMPILER_SIGNATURE_ID               ; 26403105348498.133358311106844 ; --            ; --          ; --         ;
; MAX_CORE_JUNCTION_TEMP              ; 85                             ; --            ; --          ; --         ;
; MIN_CORE_JUNCTION_TEMP              ; 0                              ; --            ; --          ; --         ;
; PARTITION_COLOR                     ; 16764057                       ; --            ; --          ; Top        ;
; PARTITION_FITTER_PRESERVATION_LEVEL ; PLACEMENT_AND_ROUTING          ; --            ; --          ; Top        ;
; PARTITION_NETLIST_TYPE              ; SOURCE                         ; --            ; --          ; Top        ;
+-------------------------------------+--------------------------------+---------------+-------------+------------+


+-------------------------------------------------------------------------------------------------------------------------------+
; Flow Elapsed Time                                                                                                             ;
+---------------------------+--------------+-------------------------+---------------------+------------------------------------+
; Module Name               ; Elapsed Time ; Average Processors Used ; Peak Virtual Memory ; Total CPU Time (on all processors) ;
+---------------------------+--------------+-------------------------+---------------------+------------------------------------+
; Analysis & Synthesis      ; 00:00:26     ; 1.0                     ; 325 MB              ; 00:00:16                           ;
; Fitter                    ; 00:00:10     ; 1.9                     ; 518 MB              ; 00:00:10                           ;
; Assembler                 ; 00:00:27     ; 1.0                     ; 409 MB              ; 00:00:04                           ;
; TimeQuest Timing Analyzer ; 00:00:30     ; 1.0                     ; 343 MB              ; 00:00:04                           ;
; Total                     ; 00:01:33     ; --                      ; --                  ; 00:00:34                           ;
+---------------------------+--------------+-------------------------+---------------------+------------------------------------+


+----------------------------------------------------------------------------------------+
; Flow OS Summary                                                                        ;
+---------------------------+------------------+-----------+------------+----------------+
; Module Name               ; Machine Hostname ; OS Name   ; OS Version ; Processor type ;
+---------------------------+------------------+-----------+------------+----------------+
; Analysis & Synthesis      ; lab813           ; Windows 7 ; 6.1        ; i686           ;
; Fitter                    ; lab813           ; Windows 7 ; 6.1        ; i686           ;
; Assembler                 ; lab813           ; Windows 7 ; 6.1        ; i686           ;
; TimeQuest Timing Analyzer ; lab813           ; Windows 7 ; 6.1        ; i686           ;
+---------------------------+------------------+-----------+------------+----------------+


------------
; Flow Log ;
------------
quartus_map --read_settings_files=on --write_settings_files=off pong -c pong
quartus_fit --read_settings_files=off --write_settings_files=off pong -c pong
quartus_asm --read_settings_files=off --write_settings_files=off pong -c pong
quartus_sta pong -c pong



